This is pdfTeX, Version 3.14159265-2.6-1.40.17 (TeX Live 2016) (preloaded format=latex 2017.8.28)  30 AUG 2017 00:24
entering extended mode
 restricted \write18 enabled.
 %&-line parsing enabled.
**\AtBeginDocument{\RequirePackage{pslatex}} \def\PSLATEXTMP{\futurelet\PSLATEX
TMP\PSLATEXTMPB} \def\PSLATEXTMPB{\ifx\PSLATEXTMP\nonstopmode\else\input\fi} \P
SLATEXTMP ex1
(./ex1.tex

! LaTeX Error: File `jsarticle.cls' not found.

Type X to quit or <RETURN> to proceed,
or enter new name. (Default extension: cls)

Enter file name: 
! Interruption.
<to be read again> 
                   }
l.2 \begin
          {document}^^M
? X
 
Here is how much of TeX's memory you used:
 12 strings out of 494946
 197 string characters out of 6181471
 45253 words of memory out of 5000000
 3405 multiletter control sequences out of 15000+600000
 3640 words of font info for 14 fonts, out of 8000000 for 9000
 14 hyphenation exceptions out of 8191
 10i,0n,7p,207b,8s stack positions out of 5000i,500n,10000p,200000b,80000s
No pages of output.
